<?xml version="1.0" encoding="UTF-8"?>
<!-- Generated by org.testng.reporters.JUnitReportReporter -->
<testsuite hostname="Admin" failures="0" tests="2" name="RiyazProject.TestExecutionPage" time="5.992" errors="0" timestamp="2020-09-18T15:56:50 IST" skipped="0">
  <testcase classname="RiyazProject.TestExecutionPage" name="validateUserLogin" time="2.230"/>
  <system-out/>
  <testcase classname="RiyazProject.TestExecutionPage" name="validateUserLogin" time="3.762"/>
  <system-out/>
</testsuite> <!-- RiyazProject.TestExecutionPage -->
