<?xml version="1.0" encoding="UTF-8"?>
<!-- Generated by org.testng.reporters.JUnitReportReporter -->
<testsuite hostname="Admin" failures="0" tests="2" name="RiyazProject.HomePageTest" time="10.408" errors="0" timestamp="2020-10-04T12:06:45 IST" skipped="0">
  <testcase classname="RiyazProject.HomePageTest" name="validateUserLogin" time="3.823"/>
  <system-out/>
  <testcase classname="RiyazProject.HomePageTest" name="validateUserLogin" time="6.585"/>
  <system-out/>
</testsuite> <!-- RiyazProject.HomePageTest -->
