<?xml version="1.0" encoding="UTF-8"?>
<!-- Generated by org.testng.reporters.JUnitReportReporter -->
<testsuite hostname="Admin" failures="0" tests="1" name="RiyazProject.validationForgotPasswordPage" time="5.600" errors="0" timestamp="2020-10-04T12:06:45 IST" skipped="0">
  <testcase classname="RiyazProject.validationForgotPasswordPage" name="validateForgotPassword" time="5.600"/>
  <system-out/>
</testsuite> <!-- RiyazProject.validationForgotPasswordPage -->
