<?xml version="1.0" encoding="UTF-8"?>
<!-- Generated by org.testng.reporters.JUnitReportReporter -->
<testsuite hostname="Admin" failures="0" tests="1" name="RiyazProject.HomePage" time="11.512" errors="0" timestamp="2020-09-16T12:29:15 IST" skipped="0">
  <testcase classname="RiyazProject.HomePage" name="basePageNavigation" time="11.512"/>
  <system-out/>
</testsuite> <!-- RiyazProject.HomePage -->
