<?xml version="1.0" encoding="UTF-8"?>
<!-- Generated by org.testng.reporters.JUnitReportReporter -->
<testsuite skipped="0" hostname="Admin" name="RiyazProject.validationForgotPasswordPage" tests="1" failures="0" timestamp="2020-09-19T17:23:05 IST" time="6.977" errors="0">
  <testcase name="validateForgotPassword" time="6.977" classname="RiyazProject.validationForgotPasswordPage"/>
  <system-out/>
</testsuite> <!-- RiyazProject.validationForgotPasswordPage -->
