<?xml version="1.0" encoding="UTF-8"?>
<!-- Generated by org.testng.reporters.JUnitReportReporter -->
<testsuite skipped="0" hostname="Admin" name="RiyazProject.validationNavigationBar" tests="1" failures="0" timestamp="2020-09-19T17:23:05 IST" time="3.042" errors="0">
  <testcase name="validateNavigationBarDisplayed" time="3.042" classname="RiyazProject.validationNavigationBar"/>
  <system-out/>
</testsuite> <!-- RiyazProject.validationNavigationBar -->
