<?xml version="1.0" encoding="UTF-8"?>
<!-- Generated by org.testng.reporters.JUnitReportReporter -->
<testsuite skipped="0" hostname="Admin" name="RiyazProject.HomePageTest" tests="2" failures="0" timestamp="2020-09-19T17:23:05 IST" time="13.081" errors="0">
  <testcase name="validateUserLogin" time="4.572" classname="RiyazProject.HomePageTest"/>
  <system-out/>
  <testcase name="validateUserLogin" time="8.509" classname="RiyazProject.HomePageTest"/>
  <system-out/>
</testsuite> <!-- RiyazProject.HomePageTest -->
