<?xml version="1.0" encoding="UTF-8"?>
<!-- Generated by org.testng.reporters.JUnitReportReporter -->
<testsuite skipped="0" hostname="Admin" name="RiyazProject.TestExecutionPage" tests="2" failures="0" timestamp="2020-09-17T16:59:22 IST" time="5.287" errors="0">
  <testcase name="basePageNavigation" time="2.210" classname="RiyazProject.TestExecutionPage"/>
  <system-out/>
  <testcase name="basePageNavigation" time="3.077" classname="RiyazProject.TestExecutionPage"/>
  <system-out/>
</testsuite> <!-- RiyazProject.TestExecutionPage -->
